<?xml version="1.0" encoding="UTF-8"?>
<!-- Generated by org.testng.reporters.JUnitReportReporter -->
<testsuite hostname="DESKTOP-NRUEP7D" failures="0" tests="1" name="testCases.TC_004_LoginTest_RobotClass" time="2.691" errors="0" timestamp="2023-12-17T18:53:49 IST" skipped="0">
  <testcase classname="testCases.TC_004_LoginTest_RobotClass" name="test_loginRobotClass" time="2.691"/>
  <system-out/>
</testsuite> <!-- testCases.TC_004_LoginTest_RobotClass -->
