<?xml version="1.0" encoding="UTF-8"?>
<!-- Generated by org.testng.reporters.JUnitReportReporter -->
<testsuite hostname="DESKTOP-NRUEP7D" failures="0" tests="1" name="testCases.TC_002_LoginTest" time="2.431" errors="0" timestamp="2023-08-14T16:15:37 IST" skipped="0">
  <testcase classname="testCases.TC_002_LoginTest" name="test_login" time="2.431"/>
  <system-out/>
</testsuite> <!-- testCases.TC_002_LoginTest -->
