<?xml version="1.0" encoding="UTF-8"?>
<!-- Generated by org.testng.reporters.JUnitReportReporter -->
<testsuite hostname="DESKTOP-NRUEP7D" failures="0" tests="1" name="testCases.TC_004_LoginTest_RobotClass" time="4.458" errors="0" timestamp="2023-08-17T18:47:24 IST" skipped="0">
  <testcase classname="testCases.TC_004_LoginTest_RobotClass" name="test_loginRobotClass" time="4.458"/>
  <system-out/>
</testsuite> <!-- testCases.TC_004_LoginTest_RobotClass -->
