<?xml version="1.0" encoding="UTF-8"?>
<!-- Generated by org.testng.reporters.JUnitReportReporter -->
<testsuite hostname="DESKTOP-NRUEP7D" failures="0" tests="1" name="testCases.TC_003_LoginDDT" time="3.915" errors="0" timestamp="2023-08-14T16:33:23 IST" skipped="0">
  <testcase classname="testCases.TC_003_LoginDDT" name="test_loginDDT" time="3.915"/>
  <system-out/>
</testsuite> <!-- testCases.TC_003_LoginDDT -->
