<?xml version="1.0" encoding="UTF-8"?>
<!-- Generated by org.testng.reporters.JUnitReportReporter -->
<testsuite hostname="DESKTOP-NRUEP7D" failures="0" tests="1" name="testCases.TC_002_LoginTest" time="2.231" errors="0" timestamp="2023-12-17T18:53:49 IST" skipped="0">
  <testcase classname="testCases.TC_002_LoginTest" name="test_login" time="2.231"/>
  <system-out/>
</testsuite> <!-- testCases.TC_002_LoginTest -->
