<?xml version="1.0" encoding="UTF-8"?>
<!-- Generated by org.testng.reporters.JUnitReportReporter -->
<testsuite hostname="DESKTOP-NRUEP7D" failures="0" tests="1" name="testCases.TC_004_LoginTest_RobotClass" time="3.077" errors="0" timestamp="2023-08-26T15:07:37 IST" skipped="0">
  <testcase classname="testCases.TC_004_LoginTest_RobotClass" name="test_loginRobotClass" time="3.077"/>
</testsuite> <!-- testCases.TC_004_LoginTest_RobotClass -->
