<?xml version="1.0" encoding="UTF-8"?>
<!-- Generated by org.testng.reporters.JUnitReportReporter -->
<testsuite hostname="DESKTOP-NRUEP7D" failures="0" tests="1" name="testCases.TC_001_AccountRegistrationTest" time="2.295" errors="0" timestamp="2023-08-19T15:40:39 IST" skipped="0">
  <testcase classname="testCases.TC_001_AccountRegistrationTest" name="test_account_Registration" time="2.295"/>
</testsuite> <!-- testCases.TC_001_AccountRegistrationTest -->
