<?xml version="1.0" encoding="UTF-8"?>
<!-- Generated by org.testng.reporters.JUnitReportReporter -->
<testsuite hostname="DESKTOP-NRUEP7D" failures="0" tests="1" name="testCases.TC_002_LoginTest" time="2.374" errors="0" timestamp="2023-08-19T15:32:17 IST" skipped="0">
  <testcase classname="testCases.TC_002_LoginTest" name="test_login" time="2.374"/>
</testsuite> <!-- testCases.TC_002_LoginTest -->
