<?xml version="1.0" encoding="UTF-8"?>
<!-- Generated by org.testng.reporters.JUnitReportReporter -->
<testsuite hostname="DESKTOP-NRUEP7D" failures="0" tests="1" name="testCases.TC_001_AccountRegistrationTest" time="2.565" errors="0" timestamp="2023-08-23T11:18:51 IST" skipped="0">
  <testcase classname="testCases.TC_001_AccountRegistrationTest" name="test_account_Registration" time="2.565"/>
</testsuite> <!-- testCases.TC_001_AccountRegistrationTest -->
