<?xml version="1.0" encoding="UTF-8"?>
<!-- Generated by org.testng.reporters.JUnitReportReporter -->
<testsuite hostname="DESKTOP-NRUEP7D" failures="0" tests="1" name="testCases.TC_001_AccountRegistrationTest" time="3.499" errors="0" timestamp="2023-08-15T15:05:33 IST" skipped="0">
  <testcase classname="testCases.TC_001_AccountRegistrationTest" name="test_account_Registration" time="3.499"/>
</testsuite> <!-- testCases.TC_001_AccountRegistrationTest -->
