<?xml version="1.0" encoding="UTF-8"?>
<!-- Generated by org.testng.reporters.JUnitReportReporter -->
<testsuite hostname="DESKTOP-NRUEP7D" failures="0" tests="5" name="testCases.TC_003_LoginDDT" time="39.454" errors="0" timestamp="2023-08-14T19:16:36 IST" skipped="0">
  <testcase classname="testCases.TC_003_LoginDDT" name="test_loginDDT" time="3.769"/>
  <testcase classname="testCases.TC_003_LoginDDT" name="test_loginDDT" time="11.204"/>
  <testcase classname="testCases.TC_003_LoginDDT" name="test_loginDDT" time="2.180"/>
  <testcase classname="testCases.TC_003_LoginDDT" name="test_loginDDT" time="11.129"/>
  <testcase classname="testCases.TC_003_LoginDDT" name="test_loginDDT" time="11.172"/>
</testsuite> <!-- testCases.TC_003_LoginDDT -->
